running egg_info
creating ../../build/Dummy_Camera/Dummy_Camera.egg-info
writing ../../build/Dummy_Camera/Dummy_Camera.egg-info/PKG-INFO
writing dependency_links to ../../build/Dummy_Camera/Dummy_Camera.egg-info/dependency_links.txt
writing entry points to ../../build/Dummy_Camera/Dummy_Camera.egg-info/entry_points.txt
writing requirements to ../../build/Dummy_Camera/Dummy_Camera.egg-info/requires.txt
writing top-level names to ../../build/Dummy_Camera/Dummy_Camera.egg-info/top_level.txt
writing manifest file '../../build/Dummy_Camera/Dummy_Camera.egg-info/SOURCES.txt'
reading manifest file '../../build/Dummy_Camera/Dummy_Camera.egg-info/SOURCES.txt'
writing manifest file '../../build/Dummy_Camera/Dummy_Camera.egg-info/SOURCES.txt'
running build
running build_py
creating /home/gabe/experimentalros2_ws/build/Dummy_Camera/build
creating /home/gabe/experimentalros2_ws/build/Dummy_Camera/build/lib
creating /home/gabe/experimentalros2_ws/build/Dummy_Camera/build/lib/Dummy_Camera
copying Dummy_Camera/__init__.py -> /home/gabe/experimentalros2_ws/build/Dummy_Camera/build/lib/Dummy_Camera
running install
running install_lib
creating /home/gabe/experimentalros2_ws/install/Dummy_Camera/lib/python3.8/site-packages/Dummy_Camera
copying /home/gabe/experimentalros2_ws/build/Dummy_Camera/build/lib/Dummy_Camera/__init__.py -> /home/gabe/experimentalros2_ws/install/Dummy_Camera/lib/python3.8/site-packages/Dummy_Camera
byte-compiling /home/gabe/experimentalros2_ws/install/Dummy_Camera/lib/python3.8/site-packages/Dummy_Camera/__init__.py to __init__.cpython-38.pyc
running install_data
creating /home/gabe/experimentalros2_ws/install/Dummy_Camera/share/ament_index
creating /home/gabe/experimentalros2_ws/install/Dummy_Camera/share/ament_index/resource_index
creating /home/gabe/experimentalros2_ws/install/Dummy_Camera/share/ament_index/resource_index/packages
copying resource/Dummy_Camera -> /home/gabe/experimentalros2_ws/install/Dummy_Camera/share/ament_index/resource_index/packages
copying package.xml -> /home/gabe/experimentalros2_ws/install/Dummy_Camera/share/Dummy_Camera
running install_egg_info
Copying ../../build/Dummy_Camera/Dummy_Camera.egg-info to /home/gabe/experimentalros2_ws/install/Dummy_Camera/lib/python3.8/site-packages/Dummy_Camera-0.0.0-py3.8.egg-info
running install_scripts
writing list of installed files to '/home/gabe/experimentalros2_ws/build/Dummy_Camera/install.log'
