[0.740s] Invoking command in '/home/gabe/experimentalros2_ws/src/Dummy_Camera': PYTHONPATH=/home/gabe/experimentalros2_ws/build/Dummy_Camera/prefix_override:/home/gabe/experimentalros2_ws/install/Dummy_Camera/lib/python3.8/site-packages:${PYTHONPATH} /usr/bin/python3 setup.py egg_info --egg-base ../../build/Dummy_Camera build --build-base /home/gabe/experimentalros2_ws/build/Dummy_Camera/build install --record /home/gabe/experimentalros2_ws/build/Dummy_Camera/install.log --install-scripts $base/lib/Dummy_Camera --single-version-externally-managed
[0.961s] running egg_info
[0.962s] creating ../../build/Dummy_Camera/Dummy_Camera.egg-info
[0.962s] writing ../../build/Dummy_Camera/Dummy_Camera.egg-info/PKG-INFO
[0.962s] writing dependency_links to ../../build/Dummy_Camera/Dummy_Camera.egg-info/dependency_links.txt
[0.962s] writing entry points to ../../build/Dummy_Camera/Dummy_Camera.egg-info/entry_points.txt
[0.962s] writing requirements to ../../build/Dummy_Camera/Dummy_Camera.egg-info/requires.txt
[0.962s] writing top-level names to ../../build/Dummy_Camera/Dummy_Camera.egg-info/top_level.txt
[0.967s] writing manifest file '../../build/Dummy_Camera/Dummy_Camera.egg-info/SOURCES.txt'
[1.008s] reading manifest file '../../build/Dummy_Camera/Dummy_Camera.egg-info/SOURCES.txt'
[1.009s] writing manifest file '../../build/Dummy_Camera/Dummy_Camera.egg-info/SOURCES.txt'
[1.009s] running build
[1.009s] running build_py
[1.009s] creating /home/gabe/experimentalros2_ws/build/Dummy_Camera/build
[1.009s] creating /home/gabe/experimentalros2_ws/build/Dummy_Camera/build/lib
[1.009s] creating /home/gabe/experimentalros2_ws/build/Dummy_Camera/build/lib/Dummy_Camera
[1.009s] copying Dummy_Camera/__init__.py -> /home/gabe/experimentalros2_ws/build/Dummy_Camera/build/lib/Dummy_Camera
[1.010s] running install
[1.011s] running install_lib
[1.011s] creating /home/gabe/experimentalros2_ws/install/Dummy_Camera/lib/python3.8/site-packages/Dummy_Camera
[1.011s] copying /home/gabe/experimentalros2_ws/build/Dummy_Camera/build/lib/Dummy_Camera/__init__.py -> /home/gabe/experimentalros2_ws/install/Dummy_Camera/lib/python3.8/site-packages/Dummy_Camera
[1.012s] byte-compiling /home/gabe/experimentalros2_ws/install/Dummy_Camera/lib/python3.8/site-packages/Dummy_Camera/__init__.py to __init__.cpython-38.pyc
[1.013s] running install_data
[1.013s] creating /home/gabe/experimentalros2_ws/install/Dummy_Camera/share/ament_index
[1.013s] creating /home/gabe/experimentalros2_ws/install/Dummy_Camera/share/ament_index/resource_index
[1.013s] creating /home/gabe/experimentalros2_ws/install/Dummy_Camera/share/ament_index/resource_index/packages
[1.014s] copying resource/Dummy_Camera -> /home/gabe/experimentalros2_ws/install/Dummy_Camera/share/ament_index/resource_index/packages
[1.014s] copying package.xml -> /home/gabe/experimentalros2_ws/install/Dummy_Camera/share/Dummy_Camera
[1.014s] running install_egg_info
[1.015s] Copying ../../build/Dummy_Camera/Dummy_Camera.egg-info to /home/gabe/experimentalros2_ws/install/Dummy_Camera/lib/python3.8/site-packages/Dummy_Camera-0.0.0-py3.8.egg-info
[1.016s] running install_scripts
[1.032s] writing list of installed files to '/home/gabe/experimentalros2_ws/build/Dummy_Camera/install.log'
[1.064s] Invoked command in '/home/gabe/experimentalros2_ws/src/Dummy_Camera' returned '0': PYTHONPATH=/home/gabe/experimentalros2_ws/build/Dummy_Camera/prefix_override:/home/gabe/experimentalros2_ws/install/Dummy_Camera/lib/python3.8/site-packages:${PYTHONPATH} /usr/bin/python3 setup.py egg_info --egg-base ../../build/Dummy_Camera build --build-base /home/gabe/experimentalros2_ws/build/Dummy_Camera/build install --record /home/gabe/experimentalros2_ws/build/Dummy_Camera/install.log --install-scripts $base/lib/Dummy_Camera --single-version-externally-managed
