[0.803s] Invoking command in '/home/gabe/experimentalros2_ws/src/Dummy_Camera': PYTHONPATH=/home/gabe/experimentalros2_ws/build/Dummy_Camera/prefix_override:/home/gabe/experimentalros2_ws/install/Dummy_Camera/lib/python3.8/site-packages:${PYTHONPATH} /usr/bin/python3 setup.py egg_info --egg-base ../../build/Dummy_Camera build --build-base /home/gabe/experimentalros2_ws/build/Dummy_Camera/build install --record /home/gabe/experimentalros2_ws/build/Dummy_Camera/install.log --install-scripts $base/lib/Dummy_Camera --single-version-externally-managed
[1.061s] running egg_info
[1.061s] writing ../../build/Dummy_Camera/Dummy_Camera.egg-info/PKG-INFO
[1.062s] writing dependency_links to ../../build/Dummy_Camera/Dummy_Camera.egg-info/dependency_links.txt
[1.062s] writing entry points to ../../build/Dummy_Camera/Dummy_Camera.egg-info/entry_points.txt
[1.062s] writing requirements to ../../build/Dummy_Camera/Dummy_Camera.egg-info/requires.txt
[1.062s] writing top-level names to ../../build/Dummy_Camera/Dummy_Camera.egg-info/top_level.txt
[1.113s] reading manifest file '../../build/Dummy_Camera/Dummy_Camera.egg-info/SOURCES.txt'
[1.114s] writing manifest file '../../build/Dummy_Camera/Dummy_Camera.egg-info/SOURCES.txt'
[1.114s] running build
[1.114s] running build_py
[1.114s] copying Dummy_Camera/Dummy_Camera.py -> /home/gabe/experimentalros2_ws/build/Dummy_Camera/build/lib/Dummy_Camera
[1.115s] running install
[1.115s] running install_lib
[1.115s] copying /home/gabe/experimentalros2_ws/build/Dummy_Camera/build/lib/Dummy_Camera/Dummy_Camera.py -> /home/gabe/experimentalros2_ws/install/Dummy_Camera/lib/python3.8/site-packages/Dummy_Camera
[1.115s] byte-compiling /home/gabe/experimentalros2_ws/install/Dummy_Camera/lib/python3.8/site-packages/Dummy_Camera/Dummy_Camera.py to Dummy_Camera.cpython-38.pyc
[1.116s] running install_data
[1.117s] running install_egg_info
[1.119s] removing '/home/gabe/experimentalros2_ws/install/Dummy_Camera/lib/python3.8/site-packages/Dummy_Camera-0.0.0-py3.8.egg-info' (and everything under it)
[1.119s] Copying ../../build/Dummy_Camera/Dummy_Camera.egg-info to /home/gabe/experimentalros2_ws/install/Dummy_Camera/lib/python3.8/site-packages/Dummy_Camera-0.0.0-py3.8.egg-info
[1.120s] running install_scripts
[1.140s] Installing Dummy_Camera script to /home/gabe/experimentalros2_ws/install/Dummy_Camera/lib/Dummy_Camera
[1.141s] writing list of installed files to '/home/gabe/experimentalros2_ws/build/Dummy_Camera/install.log'
[1.171s] Invoked command in '/home/gabe/experimentalros2_ws/src/Dummy_Camera' returned '0': PYTHONPATH=/home/gabe/experimentalros2_ws/build/Dummy_Camera/prefix_override:/home/gabe/experimentalros2_ws/install/Dummy_Camera/lib/python3.8/site-packages:${PYTHONPATH} /usr/bin/python3 setup.py egg_info --egg-base ../../build/Dummy_Camera build --build-base /home/gabe/experimentalros2_ws/build/Dummy_Camera/build install --record /home/gabe/experimentalros2_ws/build/Dummy_Camera/install.log --install-scripts $base/lib/Dummy_Camera --single-version-externally-managed
