running egg_info
writing ../../build/Dummy_Camera/Dummy_Camera.egg-info/PKG-INFO
writing dependency_links to ../../build/Dummy_Camera/Dummy_Camera.egg-info/dependency_links.txt
writing entry points to ../../build/Dummy_Camera/Dummy_Camera.egg-info/entry_points.txt
writing requirements to ../../build/Dummy_Camera/Dummy_Camera.egg-info/requires.txt
writing top-level names to ../../build/Dummy_Camera/Dummy_Camera.egg-info/top_level.txt
reading manifest file '../../build/Dummy_Camera/Dummy_Camera.egg-info/SOURCES.txt'
writing manifest file '../../build/Dummy_Camera/Dummy_Camera.egg-info/SOURCES.txt'
running build
running build_py
copying Dummy_Camera/Dummy_Camera.py -> /home/gabe/experimentalros2_ws/build/Dummy_Camera/build/lib/Dummy_Camera
running install
running install_lib
copying /home/gabe/experimentalros2_ws/build/Dummy_Camera/build/lib/Dummy_Camera/Dummy_Camera.py -> /home/gabe/experimentalros2_ws/install/Dummy_Camera/lib/python3.8/site-packages/Dummy_Camera
byte-compiling /home/gabe/experimentalros2_ws/install/Dummy_Camera/lib/python3.8/site-packages/Dummy_Camera/Dummy_Camera.py to Dummy_Camera.cpython-38.pyc
running install_data
running install_egg_info
removing '/home/gabe/experimentalros2_ws/install/Dummy_Camera/lib/python3.8/site-packages/Dummy_Camera-0.0.0-py3.8.egg-info' (and everything under it)
Copying ../../build/Dummy_Camera/Dummy_Camera.egg-info to /home/gabe/experimentalros2_ws/install/Dummy_Camera/lib/python3.8/site-packages/Dummy_Camera-0.0.0-py3.8.egg-info
running install_scripts
Installing Dummy_Camera script to /home/gabe/experimentalros2_ws/install/Dummy_Camera/lib/Dummy_Camera
writing list of installed files to '/home/gabe/experimentalros2_ws/build/Dummy_Camera/install.log'
